2019-01-29 04:57:29,841 - Log4JLogChute initialized using file 'velocity.log'
2019-01-29 04:57:29,842 - Initializing Velocity, Calling init()...
2019-01-29 04:57:29,842 - Starting Apache Velocity v1.7 (compiled: 2010-11-19 12:14:37)
2019-01-29 04:57:29,842 - Default Properties File: org/apache/velocity/runtime/defaults/velocity.properties
2019-01-29 04:57:29,842 - Trying to use logger class org.apache.velocity.runtime.log.AvalonLogChute
2019-01-29 04:57:29,842 - Target log system for org.apache.velocity.runtime.log.AvalonLogChute is not available (java.lang.NoClassDefFoundError: org/apache/log/format/Formatter).  Falling back to next log system...
2019-01-29 04:57:29,842 - Trying to use logger class org.apache.velocity.runtime.log.Log4JLogChute
2019-01-29 04:57:29,842 - Using logger class org.apache.velocity.runtime.log.Log4JLogChute
2019-01-29 04:57:29,842 - ResourceLoader instantiated: org.apache.velocity.runtime.resource.loader.ClasspathResourceLoader
2019-01-29 04:57:29,842 - ResourceCache: initialized (class org.apache.velocity.runtime.resource.ResourceCacheImpl) with class java.util.Collections$SynchronizedMap cache map.
2019-01-29 04:57:29,842 - Loaded System Directive: org.apache.velocity.runtime.directive.Stop
2019-01-29 04:57:29,842 - Loaded System Directive: org.apache.velocity.runtime.directive.Define
2019-01-29 04:57:29,842 - Loaded System Directive: org.apache.velocity.runtime.directive.Break
2019-01-29 04:57:29,842 - Loaded System Directive: org.apache.velocity.runtime.directive.Evaluate
2019-01-29 04:57:29,842 - Loaded System Directive: org.apache.velocity.runtime.directive.Literal
2019-01-29 04:57:29,842 - Loaded System Directive: org.apache.velocity.runtime.directive.Macro
2019-01-29 04:57:29,842 - Loaded System Directive: org.apache.velocity.runtime.directive.Parse
2019-01-29 04:57:29,842 - Loaded System Directive: org.apache.velocity.runtime.directive.Include
2019-01-29 04:57:29,842 - Loaded System Directive: org.apache.velocity.runtime.directive.Foreach
2019-01-29 04:57:29,844 - Created '20' parsers.
2019-01-29 04:57:29,844 - Velocimacro : "velocimacro.library" is not set.  Trying default library: VM_global_library.vm
2019-01-29 04:57:29,845 - Could not load resource 'VM_global_library.vm' from ResourceLoader org.apache.velocity.runtime.resource.loader.ClasspathResourceLoader: ClasspathResourceLoader Error: cannot find resource VM_global_library.vm
2019-01-29 04:57:29,845 - Velocimacro : Default library not found.
2019-01-29 04:57:29,845 - Velocimacro : allowInline = true : VMs can be defined inline in templates
2019-01-29 04:57:29,845 - Velocimacro : allowInlineToOverride = false : VMs defined inline may NOT replace previous VM definitions
2019-01-29 04:57:29,845 - Velocimacro : allowInlineLocal = false : VMs defined inline will be global in scope if allowed.
2019-01-29 04:57:29,845 - Velocimacro : autoload off : VM system will not automatically reload global library macros
2019-01-29 04:57:29,851 - Null reference [template 'templates/wsdl2rest-spring-context.vm', line 46, column 25] : ${header.arg0} cannot be resolved.
2019-01-29 04:57:29,851 - Null reference [template 'templates/wsdl2rest-spring-context.vm', line 71, column 25] : ${body[0]} cannot be resolved.
2019-01-29 04:57:29,851 - Null reference [template 'templates/wsdl2rest-spring-context.vm', line 71, column 25] : ${body[0]} cannot be resolved.
